Using pre-set license
Built from '2020.2/staging' branch; Version is '2020.2.3f1 (8ff31bc5bf5b) revision 9433883'; Using compiler version '192528614'; Build Type 'Release'
OS: 'Windows 10 Home; OS build 19042.746; Version 2009; 64bit' Language: 'en' Physical Memory: 16120 MB
BatchMode: 1, IsHumanControllingUs: 0, StartBugReporterOnCrash: 0, Is64bit: 1, IsPro: 0

 COMMAND LINE ARGUMENTS:
C:\Program Files\Unity\Hub\Editor\2020.2.3f1\Editor\Unity.exe
-adb2
-batchMode
-noUpm
-name
AssetImportWorker0
-projectPath
C:/Users/Daisy/Documents/KADK/Thesis/Unity/Thesis
-logFile
Logs/AssetImportWorker0.log
-srvPort
52539
Successfully changed project path to: C:/Users/Daisy/Documents/KADK/Thesis/Unity/Thesis
C:/Users/Daisy/Documents/KADK/Thesis/Unity/Thesis
Using Asset Import Pipeline V2.
Refreshing native plugins compatible for Editor in 72.00 ms, found 0 plugins.
Preloading 0 native plugins for Editor in 0.00 ms.
Initialize engine version: 2020.2.3f1 (8ff31bc5bf5b)
[Subsystems] Discovering subsystems at path C:/Program Files/Unity/Hub/Editor/2020.2.3f1/Editor/Data/Resources/UnitySubsystems
[Subsystems] Discovering subsystems at path C:/Users/Daisy/Documents/KADK/Thesis/Unity/Thesis/Assets
GfxDevice: creating device client; threaded=0
Direct3D:
    Version:  Direct3D 11.0 [level 11.1]
    Renderer: NVIDIA GeForce GTX 1050 Ti with Max-Q Design (ID=0x1c8c)
    Vendor:   
    VRAM:     4021 MB
    Driver:   27.21.14.5241
Initialize mono
Mono path[0] = 'C:/Program Files/Unity/Hub/Editor/2020.2.3f1/Editor/Data/Managed'
Mono path[1] = 'C:/Program Files/Unity/Hub/Editor/2020.2.3f1/Editor/Data/MonoBleedingEdge/lib/mono/unityjit'
Mono config path = 'C:/Program Files/Unity/Hub/Editor/2020.2.3f1/Editor/Data/MonoBleedingEdge/etc'
Using monoOptions --debugger-agent=transport=dt_socket,embedding=1,server=y,suspend=n,address=127.0.0.1:56132
Begin MonoManager ReloadAssembly
Registering precompiled unity dll's ...
Register platform support module: C:/Program Files/Unity/Hub/Editor/2020.2.3f1/Editor/Data/PlaybackEngines/WindowsStandaloneSupport/UnityEditor.WindowsStandalone.Extensions.dll
Registered in 0.002845 seconds.
Native extension for WindowsStandalone target not found
Refreshing native plugins compatible for Editor in 96.92 ms, found 0 plugins.
Preloading 0 native plugins for Editor in 0.00 ms.
Invoked RoslynAnalysisRunner static constructor.
RoslynAnalysisRunner will not be running.
RoslynAnalysisRunner has terminated.
Mono: successfully reloaded assembly
- Completed reload, in  1.300 seconds
Platform modules already initialized, skipping
Registering precompiled user dll's ...
Registered in 0.001470 seconds.
Begin MonoManager ReloadAssembly
Native extension for WindowsStandalone target not found
Refreshing native plugins compatible for Editor in 71.06 ms, found 0 plugins.
Preloading 0 native plugins for Editor in 0.00 ms.
Invoked RoslynAnalysisRunner static constructor.
RoslynAnalysisRunner will not be running.
RoslynAnalysisRunner has terminated.
Mono: successfully reloaded assembly
- Completed reload, in  1.279 seconds
Platform modules already initialized, skipping
========================================================================
Worker process is ready to serve import requests
Launched and connected shader compiler UnityShaderCompiler.exe after 0.05 seconds
Refreshing native plugins compatible for Editor in 1.22 ms, found 0 plugins.
Preloading 0 native plugins for Editor in 0.00 ms.
Unloading 3467 Unused Serialized files (Serialized files now loaded: 0)
System memory in use before: 168.1 MB.
System memory in use after: 165.3 MB.

Unloading 44 unused Assets to reduce memory usage. Loaded Objects now: 3892.
Total: 8.361500 ms (FindLiveObjects: 0.755000 ms CreateObjectMapping: 0.504300 ms MarkObjects: 3.469500 ms  DeleteObjects: 3.629100 ms)

========================================================================
Received Import Request.
  path: Assets/Art
  artifactKey: Guid(5192db317307b1740bf2bd5db2e46958) Importer(815301076,1909f56bfc062723c751e8b465ee728b)
Start importing Assets/Art using Guid(5192db317307b1740bf2bd5db2e46958) Importer(815301076,1909f56bfc062723c751e8b465ee728b)  -> (artifact id: 'b9ca2fabd39f62fe1a01e18282fd2a9f') in 0.017349 seconds
  Import took 0.026660 seconds .

========================================================================
Received Import Request.
  Time since last request: 0.004255 seconds.
  path: Assets/Art
  artifactKey: Guid(5192db317307b1740bf2bd5db2e46958) Importer(815301076,1909f56bfc062723c751e8b465ee728b)
Start importing Assets/Art using Guid(5192db317307b1740bf2bd5db2e46958) Importer(815301076,1909f56bfc062723c751e8b465ee728b)  -> (artifact id: 'b9ca2fabd39f62fe1a01e18282fd2a9f') in 0.004540 seconds
  Import took 0.010882 seconds .

========================================================================
Received Import Request.
  Time since last request: 0.522553 seconds.
  path: Assets/Animations
  artifactKey: Guid(a083f9776c2650d4c8b1058f9506505d) Importer(815301076,1909f56bfc062723c751e8b465ee728b)
Start importing Assets/Animations using Guid(a083f9776c2650d4c8b1058f9506505d) Importer(815301076,1909f56bfc062723c751e8b465ee728b)  -> (artifact id: 'bd90a795fafe62ba6778ff98340d80ee') in 0.008050 seconds
  Import took 0.014827 seconds .

========================================================================
Received Import Request.
  Time since last request: 0.015343 seconds.
  path: Assets/Animations
  artifactKey: Guid(a083f9776c2650d4c8b1058f9506505d) Importer(815301076,1909f56bfc062723c751e8b465ee728b)
Start importing Assets/Animations using Guid(a083f9776c2650d4c8b1058f9506505d) Importer(815301076,1909f56bfc062723c751e8b465ee728b)  -> (artifact id: 'bd90a795fafe62ba6778ff98340d80ee') in 0.003357 seconds
  Import took 0.009571 seconds .

========================================================================
Received Prepare
Registering precompiled user dll's ...
Registered in 0.001620 seconds.
Begin MonoManager ReloadAssembly
Native extension for WindowsStandalone target not found
Refreshing native plugins compatible for Editor in 0.53 ms, found 0 plugins.
Preloading 0 native plugins for Editor in 0.00 ms.
Invoked RoslynAnalysisRunner static constructor.
RoslynAnalysisRunner will not be running.
RoslynAnalysisRunner has terminated.
Mono: successfully reloaded assembly
- Completed reload, in  1.089 seconds
Platform modules already initialized, skipping
Refreshing native plugins compatible for Editor in 0.59 ms, found 0 plugins.
Preloading 0 native plugins for Editor in 0.00 ms.
Unloading 3220 Unused Serialized files (Serialized files now loaded: 0)
System memory in use before: 157.7 MB.
System memory in use after: 155.0 MB.

Unloading 39 unused Assets to reduce memory usage. Loaded Objects now: 3894.
Total: 6.011000 ms (FindLiveObjects: 0.638800 ms CreateObjectMapping: 0.330500 ms MarkObjects: 2.861100 ms  DeleteObjects: 2.178400 ms)

========================================================================
Received Import Request.
  Time since last request: 31.786061 seconds.
  path: Assets/Thesis
  artifactKey: Guid(7cf495a66768b104aad99592057b3815) Importer(815301076,1909f56bfc062723c751e8b465ee728b)
Start importing Assets/Thesis using Guid(7cf495a66768b104aad99592057b3815) Importer(815301076,1909f56bfc062723c751e8b465ee728b)  -> (artifact id: '6e3a67614964dabae2c6ed00aa934c54') in 0.011579 seconds
  Import took 0.018506 seconds .

========================================================================
Received Import Request.
  Time since last request: 0.012129 seconds.
  path: Assets/Thesis
  artifactKey: Guid(7cf495a66768b104aad99592057b3815) Importer(815301076,1909f56bfc062723c751e8b465ee728b)
Start importing Assets/Thesis using Guid(7cf495a66768b104aad99592057b3815) Importer(815301076,1909f56bfc062723c751e8b465ee728b)  -> (artifact id: '6e3a67614964dabae2c6ed00aa934c54') in 0.003068 seconds
  Import took 0.008092 seconds .

========================================================================
Received Import Request.
  Time since last request: 17.991171 seconds.
  path: Assets/Models/Scripts
  artifactKey: Guid(b8e4d0a1417a19c41b407638438c883b) Importer(815301076,1909f56bfc062723c751e8b465ee728b)
Start importing Assets/Models/Scripts using Guid(b8e4d0a1417a19c41b407638438c883b) Importer(815301076,1909f56bfc062723c751e8b465ee728b)  -> (artifact id: '6b7b7de79e166e726958058b219d6cff') in 0.007012 seconds
  Import took 0.013281 seconds .

========================================================================
Received Import Request.
  Time since last request: 0.019747 seconds.
  path: Assets/Models/Scripts
  artifactKey: Guid(b8e4d0a1417a19c41b407638438c883b) Importer(815301076,1909f56bfc062723c751e8b465ee728b)
Start importing Assets/Models/Scripts using Guid(b8e4d0a1417a19c41b407638438c883b) Importer(815301076,1909f56bfc062723c751e8b465ee728b)  -> (artifact id: '6b7b7de79e166e726958058b219d6cff') in 0.003320 seconds
  Import took 0.008874 seconds .

========================================================================
Received Import Request.
  Time since last request: 10.017666 seconds.
  path: Assets/Prefabs
  artifactKey: Guid(b95d3da09d13ef048a3f2db0b2822baa) Importer(815301076,1909f56bfc062723c751e8b465ee728b)
Start importing Assets/Prefabs using Guid(b95d3da09d13ef048a3f2db0b2822baa) Importer(815301076,1909f56bfc062723c751e8b465ee728b)  -> (artifact id: '91fa352157b94b6bad426eef109f8975') in 0.006811 seconds
  Import took 0.013213 seconds .

========================================================================
Received Import Request.
  Time since last request: 0.020138 seconds.
  path: Assets/Prefabs
  artifactKey: Guid(b95d3da09d13ef048a3f2db0b2822baa) Importer(815301076,1909f56bfc062723c751e8b465ee728b)
Start importing Assets/Prefabs using Guid(b95d3da09d13ef048a3f2db0b2822baa) Importer(815301076,1909f56bfc062723c751e8b465ee728b)  -> (artifact id: '91fa352157b94b6bad426eef109f8975') in 0.002985 seconds
  Import took 0.008501 seconds .

========================================================================
Received Import Request.
  Time since last request: 6.852907 seconds.
  path: Assets/Materials
  artifactKey: Guid(ac63dfa9d297ae04da03e3063c9d679e) Importer(815301076,1909f56bfc062723c751e8b465ee728b)
Start importing Assets/Materials using Guid(ac63dfa9d297ae04da03e3063c9d679e) Importer(815301076,1909f56bfc062723c751e8b465ee728b)  -> (artifact id: 'bd5d9388161d66c7b9afa32cc25bd0a2') in 0.009017 seconds
  Import took 0.014906 seconds .

========================================================================
Received Import Request.
  Time since last request: 2.849321 seconds.
  path: Assets/HDRP
  artifactKey: Guid(3ee6b27cfe70cf34c9d834f6b464d0d0) Importer(815301076,1909f56bfc062723c751e8b465ee728b)
Start importing Assets/HDRP using Guid(3ee6b27cfe70cf34c9d834f6b464d0d0) Importer(815301076,1909f56bfc062723c751e8b465ee728b)  -> (artifact id: '8baf9ac81eb5d9d8f9aca33f473e7c85') in 0.007125 seconds
  Import took 0.013818 seconds .

========================================================================
Received Import Request.
  Time since last request: 0.020634 seconds.
  path: Assets/HDRP
  artifactKey: Guid(3ee6b27cfe70cf34c9d834f6b464d0d0) Importer(815301076,1909f56bfc062723c751e8b465ee728b)
Start importing Assets/HDRP using Guid(3ee6b27cfe70cf34c9d834f6b464d0d0) Importer(815301076,1909f56bfc062723c751e8b465ee728b)  -> (artifact id: '8baf9ac81eb5d9d8f9aca33f473e7c85') in 0.002944 seconds
  Import took 0.008631 seconds .

========================================================================
Received Import Request.
  Time since last request: 7.100569 seconds.
  path: Assets/Materials/Shaders
  artifactKey: Guid(c6fced67cfeacec4c89d3e3ad5031379) Importer(815301076,1909f56bfc062723c751e8b465ee728b)
Start importing Assets/Materials/Shaders using Guid(c6fced67cfeacec4c89d3e3ad5031379) Importer(815301076,1909f56bfc062723c751e8b465ee728b)  -> (artifact id: '489e75c427d87db7c81539431c6e2572') in 0.009261 seconds
  Import took 0.013917 seconds .

========================================================================
Received Import Request.
  Time since last request: 0.021050 seconds.
  path: Assets/Materials/Shaders
  artifactKey: Guid(c6fced67cfeacec4c89d3e3ad5031379) Importer(815301076,1909f56bfc062723c751e8b465ee728b)
Start importing Assets/Materials/Shaders using Guid(c6fced67cfeacec4c89d3e3ad5031379) Importer(815301076,1909f56bfc062723c751e8b465ee728b)  -> (artifact id: '489e75c427d87db7c81539431c6e2572') in 0.003634 seconds
  Import took 0.009228 seconds .

========================================================================
Received Import Request.
  Time since last request: 6.159512 seconds.
  path: Assets/Materials/Textures
  artifactKey: Guid(ccd3272286357f1428664fab05d6d211) Importer(815301076,1909f56bfc062723c751e8b465ee728b)
Start importing Assets/Materials/Textures using Guid(ccd3272286357f1428664fab05d6d211) Importer(815301076,1909f56bfc062723c751e8b465ee728b)  -> (artifact id: 'e70495289ea0c419c0176e9329d1db5a') in 0.008659 seconds
  Import took 0.013800 seconds .

========================================================================
Received Import Request.
  Time since last request: 0.019191 seconds.
  path: Assets/Materials/Textures
  artifactKey: Guid(ccd3272286357f1428664fab05d6d211) Importer(815301076,1909f56bfc062723c751e8b465ee728b)
Start importing Assets/Materials/Textures using Guid(ccd3272286357f1428664fab05d6d211) Importer(815301076,1909f56bfc062723c751e8b465ee728b)  -> (artifact id: 'e70495289ea0c419c0176e9329d1db5a') in 0.002990 seconds
  Import took 0.008410 seconds .

========================================================================
Received Import Request.
  Time since last request: 13.848892 seconds.
  path: Assets/PostProcessing
  artifactKey: Guid(bed0a93141aad704b99e72e1c956a066) Importer(815301076,1909f56bfc062723c751e8b465ee728b)
Start importing Assets/PostProcessing using Guid(bed0a93141aad704b99e72e1c956a066) Importer(815301076,1909f56bfc062723c751e8b465ee728b)  -> (artifact id: 'f96f9949903982d9018bf3f69291a841') in 0.006556 seconds
  Import took 0.012170 seconds .

========================================================================
Received Prepare
Registering precompiled user dll's ...
Registered in 0.002141 seconds.
Begin MonoManager ReloadAssembly
Native extension for WindowsStandalone target not found
Refreshing native plugins compatible for Editor in 1.19 ms, found 0 plugins.
Preloading 0 native plugins for Editor in 0.00 ms.
Invoked RoslynAnalysisRunner static constructor.
RoslynAnalysisRunner will not be running.
RoslynAnalysisRunner has terminated.
Mono: successfully reloaded assembly
- Completed reload, in  2.381 seconds
Platform modules already initialized, skipping
Refreshing native plugins compatible for Editor in 1.86 ms, found 0 plugins.
Preloading 0 native plugins for Editor in 0.00 ms.
Unloading 3220 Unused Serialized files (Serialized files now loaded: 0)
System memory in use before: 157.8 MB.
System memory in use after: 155.1 MB.

Unloading 39 unused Assets to reduce memory usage. Loaded Objects now: 3896.
Total: 18.428700 ms (FindLiveObjects: 0.807400 ms CreateObjectMapping: 0.783600 ms MarkObjects: 8.448100 ms  DeleteObjects: 8.385700 ms)

========================================================================
Received Import Request.
  Time since last request: 54.582595 seconds.
  path: Assets/Scenes
  artifactKey: Guid(48cd814e0fd49d44c9ca0010ae162e98) Importer(815301076,1909f56bfc062723c751e8b465ee728b)
Start importing Assets/Scenes using Guid(48cd814e0fd49d44c9ca0010ae162e98) Importer(815301076,1909f56bfc062723c751e8b465ee728b)  -> (artifact id: 'b4e4c023bbff416c91308dc57c1902c4') in 0.031936 seconds
  Import took 0.054647 seconds .

========================================================================
Received Import Request.
  Time since last request: 0.000880 seconds.
  path: Assets/Scenes
  artifactKey: Guid(48cd814e0fd49d44c9ca0010ae162e98) Importer(815301076,1909f56bfc062723c751e8b465ee728b)
Start importing Assets/Scenes using Guid(48cd814e0fd49d44c9ca0010ae162e98) Importer(815301076,1909f56bfc062723c751e8b465ee728b)  -> (artifact id: 'b4e4c023bbff416c91308dc57c1902c4') in 0.009633 seconds
  Import took 0.026081 seconds .

========================================================================
Received Import Request.
  Time since last request: 19.258831 seconds.
  path: Assets/Scenes/CCC.unity
  artifactKey: Guid(9a41d660b3473ec4bb0456900750f82e) Importer(815301076,1909f56bfc062723c751e8b465ee728b)
Start importing Assets/Scenes/CCC.unity using Guid(9a41d660b3473ec4bb0456900750f82e) Importer(815301076,1909f56bfc062723c751e8b465ee728b)  -> (artifact id: 'b7e0e4bb1333cd1da4540561a1e69240') in 0.047454 seconds
  Import took 0.071074 seconds .

========================================================================
Received Prepare
Registering precompiled user dll's ...
Registered in 0.003872 seconds.
Begin MonoManager ReloadAssembly
Native extension for WindowsStandalone target not found
Refreshing native plugins compatible for Editor in 1.08 ms, found 0 plugins.
Preloading 0 native plugins for Editor in 0.00 ms.
Invoked RoslynAnalysisRunner static constructor.
RoslynAnalysisRunner will not be running.
RoslynAnalysisRunner has terminated.
Mono: successfully reloaded assembly
- Completed reload, in  2.790 seconds
Platform modules already initialized, skipping
Refreshing native plugins compatible for Editor in 1.17 ms, found 0 plugins.
Preloading 0 native plugins for Editor in 0.00 ms.
Unloading 3221 Unused Serialized files (Serialized files now loaded: 0)
System memory in use before: 157.9 MB.
System memory in use after: 155.2 MB.

Unloading 39 unused Assets to reduce memory usage. Loaded Objects now: 3899.
Total: 11.334500 ms (FindLiveObjects: 0.615300 ms CreateObjectMapping: 0.367800 ms MarkObjects: 5.125100 ms  DeleteObjects: 5.222700 ms)

========================================================================
Received Import Request.
  Time since last request: 156.256062 seconds.
  path: Assets/Scripts/SimpleCameraController.cs
  artifactKey: Guid(63e7b85ada4e71843b3442da1603c36f) Importer(815301076,1909f56bfc062723c751e8b465ee728b)
Start importing Assets/Scripts/SimpleCameraController.cs using Guid(63e7b85ada4e71843b3442da1603c36f) Importer(815301076,1909f56bfc062723c751e8b465ee728b)  -> (artifact id: 'aa0c7e650fd1df5aa03a9e160a6b96c1') in 0.089751 seconds
  Import took 0.107052 seconds .

========================================================================
Received Prepare
Registering precompiled user dll's ...
Registered in 0.003437 seconds.
Begin MonoManager ReloadAssembly
Native extension for WindowsStandalone target not found
Refreshing native plugins compatible for Editor in 1.44 ms, found 0 plugins.
Preloading 0 native plugins for Editor in 0.00 ms.
Invoked RoslynAnalysisRunner static constructor.
RoslynAnalysisRunner will not be running.
RoslynAnalysisRunner has terminated.
Mono: successfully reloaded assembly
- Completed reload, in  5.935 seconds
Platform modules already initialized, skipping
Refreshing native plugins compatible for Editor in 0.99 ms, found 0 plugins.
Preloading 0 native plugins for Editor in 0.00 ms.
Unloading 3221 Unused Serialized files (Serialized files now loaded: 0)
System memory in use before: 157.9 MB.
System memory in use after: 155.2 MB.

Unloading 39 unused Assets to reduce memory usage. Loaded Objects now: 3901.
Total: 14.853600 ms (FindLiveObjects: 4.299500 ms CreateObjectMapping: 1.218600 ms MarkObjects: 4.563900 ms  DeleteObjects: 4.768900 ms)

========================================================================
Received Import Request.
  Time since last request: 92.037298 seconds.
  path: Assets/Scripts/SimpleCameraController.cs
  artifactKey: Guid(63e7b85ada4e71843b3442da1603c36f) Importer(815301076,1909f56bfc062723c751e8b465ee728b)
Start importing Assets/Scripts/SimpleCameraController.cs using Guid(63e7b85ada4e71843b3442da1603c36f) Importer(815301076,1909f56bfc062723c751e8b465ee728b)  -> (artifact id: '7d9e5f0900206b0170554bf3ff91a5d7') in 0.027774 seconds
  Import took 0.040814 seconds .

========================================================================
Received Import Request.
  Time since last request: 4.020433 seconds.
  path: Assets/Scripts/SimpleCameraController1.cs
  artifactKey: Guid(63e7b85ada4e71843b3442da1603c36f) Importer(815301076,1909f56bfc062723c751e8b465ee728b)
Start importing Assets/Scripts/SimpleCameraController1.cs using Guid(63e7b85ada4e71843b3442da1603c36f) Importer(815301076,1909f56bfc062723c751e8b465ee728b)  -> (artifact id: 'b8577081c8fbfbc7566d5cb6c469e4b9') in 0.033362 seconds
  Import took 0.057609 seconds .

========================================================================
Received Import Request.
  Time since last request: 0.032672 seconds.
  path: Assets/Scripts/SimpleCameraController1.cs
  artifactKey: Guid(63e7b85ada4e71843b3442da1603c36f) Importer(815301076,1909f56bfc062723c751e8b465ee728b)
Start importing Assets/Scripts/SimpleCameraController1.cs using Guid(63e7b85ada4e71843b3442da1603c36f) Importer(815301076,1909f56bfc062723c751e8b465ee728b)  -> (artifact id: 'b8577081c8fbfbc7566d5cb6c469e4b9') in 0.013683 seconds
  Import took 0.039900 seconds .

========================================================================
Received Prepare
Registering precompiled user dll's ...
Registered in 0.002032 seconds.
Begin MonoManager ReloadAssembly
Native extension for WindowsStandalone target not found
Refreshing native plugins compatible for Editor in 0.97 ms, found 0 plugins.
Preloading 0 native plugins for Editor in 0.00 ms.
Invoked RoslynAnalysisRunner static constructor.
RoslynAnalysisRunner will not be running.
RoslynAnalysisRunner has terminated.
Mono: successfully reloaded assembly
- Completed reload, in  2.365 seconds
Platform modules already initialized, skipping
Refreshing native plugins compatible for Editor in 1.49 ms, found 0 plugins.
Preloading 0 native plugins for Editor in 0.00 ms.
Unloading 3221 Unused Serialized files (Serialized files now loaded: 0)
System memory in use before: 157.9 MB.
System memory in use after: 155.2 MB.

Unloading 39 unused Assets to reduce memory usage. Loaded Objects now: 3903.
Total: 23.830700 ms (FindLiveObjects: 1.199200 ms CreateObjectMapping: 0.845700 ms MarkObjects: 10.644100 ms  DeleteObjects: 11.136200 ms)

========================================================================
Received Prepare
Registering precompiled user dll's ...
Registered in 0.002442 seconds.
Begin MonoManager ReloadAssembly
Native extension for WindowsStandalone target not found
Refreshing native plugins compatible for Editor in 1.06 ms, found 0 plugins.
Preloading 0 native plugins for Editor in 0.00 ms.
Invoked RoslynAnalysisRunner static constructor.
RoslynAnalysisRunner will not be running.
RoslynAnalysisRunner has terminated.
Mono: successfully reloaded assembly
- Completed reload, in  2.479 seconds
Platform modules already initialized, skipping
Refreshing native plugins compatible for Editor in 1.87 ms, found 0 plugins.
Preloading 0 native plugins for Editor in 0.00 ms.
Unloading 3221 Unused Serialized files (Serialized files now loaded: 0)
System memory in use before: 157.9 MB.
System memory in use after: 155.2 MB.

Unloading 39 unused Assets to reduce memory usage. Loaded Objects now: 3905.
Total: 12.413800 ms (FindLiveObjects: 0.555200 ms CreateObjectMapping: 0.284400 ms MarkObjects: 5.131800 ms  DeleteObjects: 6.440200 ms)

========================================================================
Received Import Request.
  Time since last request: 1074.660993 seconds.
  path: Assets/Scripts/movement.cs
  artifactKey: Guid(c3f5f1c943e0387438a32445c16fea40) Importer(815301076,1909f56bfc062723c751e8b465ee728b)
Start importing Assets/Scripts/movement.cs using Guid(c3f5f1c943e0387438a32445c16fea40) Importer(815301076,1909f56bfc062723c751e8b465ee728b)  -> (artifact id: '20f369ecd94e2edc7de681616062f43a') in 0.026597 seconds
  Import took 0.049177 seconds .

========================================================================
Received Prepare
Registering precompiled user dll's ...
Registered in 0.002015 seconds.
Begin MonoManager ReloadAssembly
Native extension for WindowsStandalone target not found
Refreshing native plugins compatible for Editor in 1.38 ms, found 0 plugins.
Preloading 0 native plugins for Editor in 0.00 ms.
Invoked RoslynAnalysisRunner static constructor.
RoslynAnalysisRunner will not be running.
RoslynAnalysisRunner has terminated.
Mono: successfully reloaded assembly
- Completed reload, in  2.194 seconds
Platform modules already initialized, skipping
Refreshing native plugins compatible for Editor in 1.33 ms, found 0 plugins.
Preloading 0 native plugins for Editor in 0.00 ms.
Unloading 3222 Unused Serialized files (Serialized files now loaded: 0)
System memory in use before: 158.0 MB.
System memory in use after: 155.2 MB.

Unloading 39 unused Assets to reduce memory usage. Loaded Objects now: 3908.
Total: 10.147400 ms (FindLiveObjects: 0.500000 ms CreateObjectMapping: 0.406500 ms MarkObjects: 4.246800 ms  DeleteObjects: 4.992000 ms)

========================================================================
Received Prepare
Registering precompiled user dll's ...
Registered in 0.004093 seconds.
Begin MonoManager ReloadAssembly
Native extension for WindowsStandalone target not found
Refreshing native plugins compatible for Editor in 1.07 ms, found 0 plugins.
Preloading 0 native plugins for Editor in 0.00 ms.
Invoked RoslynAnalysisRunner static constructor.
RoslynAnalysisRunner will not be running.
RoslynAnalysisRunner has terminated.
Mono: successfully reloaded assembly
- Completed reload, in  2.149 seconds
Platform modules already initialized, skipping
Refreshing native plugins compatible for Editor in 0.53 ms, found 0 plugins.
Preloading 0 native plugins for Editor in 0.00 ms.
Unloading 3222 Unused Serialized files (Serialized files now loaded: 0)
System memory in use before: 158.0 MB.
System memory in use after: 155.2 MB.

Unloading 39 unused Assets to reduce memory usage. Loaded Objects now: 3910.
Total: 4.700500 ms (FindLiveObjects: 0.289700 ms CreateObjectMapping: 0.154600 ms MarkObjects: 2.037600 ms  DeleteObjects: 2.216100 ms)

========================================================================
Received Prepare
Registering precompiled user dll's ...
Registered in 0.001530 seconds.
Begin MonoManager ReloadAssembly
Native extension for WindowsStandalone target not found
Refreshing native plugins compatible for Editor in 0.83 ms, found 0 plugins.
Preloading 0 native plugins for Editor in 0.00 ms.
Invoked RoslynAnalysisRunner static constructor.
RoslynAnalysisRunner will not be running.
RoslynAnalysisRunner has terminated.
Mono: successfully reloaded assembly
- Completed reload, in  1.351 seconds
Platform modules already initialized, skipping
Refreshing native plugins compatible for Editor in 0.82 ms, found 0 plugins.
Preloading 0 native plugins for Editor in 0.00 ms.
Unloading 3222 Unused Serialized files (Serialized files now loaded: 0)
System memory in use before: 158.0 MB.
System memory in use after: 155.2 MB.

Unloading 39 unused Assets to reduce memory usage. Loaded Objects now: 3912.
Total: 11.795100 ms (FindLiveObjects: 0.731800 ms CreateObjectMapping: 0.462700 ms MarkObjects: 4.857100 ms  DeleteObjects: 5.740100 ms)

========================================================================
Received Import Request.
  Time since last request: 3170.768261 seconds.
  path: Assets/Scripts/movement.cs
  artifactKey: Guid(c3f5f1c943e0387438a32445c16fea40) Importer(815301076,1909f56bfc062723c751e8b465ee728b)
Start importing Assets/Scripts/movement.cs using Guid(c3f5f1c943e0387438a32445c16fea40) Importer(815301076,1909f56bfc062723c751e8b465ee728b)  -> (artifact id: 'c1121bca8bd67a940d015380448c4011') in 0.006824 seconds
  Import took 0.013635 seconds .

========================================================================
Received Prepare
Registering precompiled user dll's ...
Registered in 0.001452 seconds.
Begin MonoManager ReloadAssembly
Native extension for WindowsStandalone target not found
Refreshing native plugins compatible for Editor in 0.87 ms, found 0 plugins.
Preloading 0 native plugins for Editor in 0.00 ms.
Invoked RoslynAnalysisRunner static constructor.
RoslynAnalysisRunner will not be running.
RoslynAnalysisRunner has terminated.
Mono: successfully reloaded assembly
- Completed reload, in  1.011 seconds
Platform modules already initialized, skipping
Refreshing native plugins compatible for Editor in 0.54 ms, found 0 plugins.
Preloading 0 native plugins for Editor in 0.00 ms.
Unloading 3222 Unused Serialized files (Serialized files now loaded: 0)
System memory in use before: 158.0 MB.
System memory in use after: 155.3 MB.

Unloading 39 unused Assets to reduce memory usage. Loaded Objects now: 3914.
Total: 5.282800 ms (FindLiveObjects: 0.614500 ms CreateObjectMapping: 0.206700 ms MarkObjects: 2.163700 ms  DeleteObjects: 2.296300 ms)

========================================================================
Received Prepare
Registering precompiled user dll's ...
Registered in 0.002014 seconds.
Begin MonoManager ReloadAssembly
Native extension for WindowsStandalone target not found
Refreshing native plugins compatible for Editor in 1.08 ms, found 0 plugins.
Preloading 0 native plugins for Editor in 0.00 ms.
Invoked RoslynAnalysisRunner static constructor.
RoslynAnalysisRunner will not be running.
RoslynAnalysisRunner has terminated.
Mono: successfully reloaded assembly
- Completed reload, in  2.310 seconds
Platform modules already initialized, skipping
Refreshing native plugins compatible for Editor in 1.35 ms, found 0 plugins.
Preloading 0 native plugins for Editor in 0.00 ms.
Unloading 3222 Unused Serialized files (Serialized files now loaded: 0)
System memory in use before: 158.0 MB.
System memory in use after: 155.3 MB.

Unloading 39 unused Assets to reduce memory usage. Loaded Objects now: 3916.
Total: 12.003700 ms (FindLiveObjects: 0.670600 ms CreateObjectMapping: 0.424900 ms MarkObjects: 4.910700 ms  DeleteObjects: 5.993700 ms)

========================================================================
Received Prepare
Registering precompiled user dll's ...
Registered in 0.001556 seconds.
Begin MonoManager ReloadAssembly
Native extension for WindowsStandalone target not found
Refreshing native plugins compatible for Editor in 0.57 ms, found 0 plugins.
Preloading 0 native plugins for Editor in 0.00 ms.
Invoked RoslynAnalysisRunner static constructor.
RoslynAnalysisRunner will not be running.
RoslynAnalysisRunner has terminated.
Mono: successfully reloaded assembly
- Completed reload, in  1.261 seconds
Platform modules already initialized, skipping
Refreshing native plugins compatible for Editor in 0.62 ms, found 0 plugins.
Preloading 0 native plugins for Editor in 0.00 ms.
Unloading 3222 Unused Serialized files (Serialized files now loaded: 0)
System memory in use before: 158.0 MB.
System memory in use after: 155.3 MB.

Unloading 39 unused Assets to reduce memory usage. Loaded Objects now: 3918.
Total: 6.934200 ms (FindLiveObjects: 0.478900 ms CreateObjectMapping: 0.312100 ms MarkObjects: 2.619800 ms  DeleteObjects: 3.521900 ms)

========================================================================
Received Prepare
Registering precompiled user dll's ...
Registered in 0.001647 seconds.
Begin MonoManager ReloadAssembly
Native extension for WindowsStandalone target not found
Refreshing native plugins compatible for Editor in 0.57 ms, found 0 plugins.
Preloading 0 native plugins for Editor in 0.00 ms.
Invoked RoslynAnalysisRunner static constructor.
RoslynAnalysisRunner will not be running.
RoslynAnalysisRunner has terminated.
Mono: successfully reloaded assembly
- Completed reload, in  1.170 seconds
Platform modules already initialized, skipping
Refreshing native plugins compatible for Editor in 0.57 ms, found 0 plugins.
Preloading 0 native plugins for Editor in 0.00 ms.
Unloading 3221 Unused Serialized files (Serialized files now loaded: 0)
System memory in use before: 158.0 MB.
System memory in use after: 155.2 MB.

Unloading 40 unused Assets to reduce memory usage. Loaded Objects now: 3919.
Total: 5.914000 ms (FindLiveObjects: 0.354400 ms CreateObjectMapping: 0.143700 ms MarkObjects: 2.636100 ms  DeleteObjects: 2.778800 ms)

========================================================================
Received Prepare
Registering precompiled user dll's ...
Registered in 0.001649 seconds.
Begin MonoManager ReloadAssembly
Native extension for WindowsStandalone target not found
Refreshing native plugins compatible for Editor in 0.82 ms, found 0 plugins.
Preloading 0 native plugins for Editor in 0.00 ms.
Invoked RoslynAnalysisRunner static constructor.
RoslynAnalysisRunner will not be running.
RoslynAnalysisRunner has terminated.
Mono: successfully reloaded assembly
- Completed reload, in  1.120 seconds
Platform modules already initialized, skipping
Refreshing native plugins compatible for Editor in 0.56 ms, found 0 plugins.
Preloading 0 native plugins for Editor in 0.00 ms.
Unloading 3221 Unused Serialized files (Serialized files now loaded: 0)
System memory in use before: 158.0 MB.
System memory in use after: 155.2 MB.

Unloading 39 unused Assets to reduce memory usage. Loaded Objects now: 3921.
Total: 5.242100 ms (FindLiveObjects: 0.314400 ms CreateObjectMapping: 0.192000 ms MarkObjects: 2.462200 ms  DeleteObjects: 2.272700 ms)

========================================================================
Received Prepare
Registering precompiled user dll's ...
Registered in 0.001578 seconds.
Begin MonoManager ReloadAssembly
Native extension for WindowsStandalone target not found
Refreshing native plugins compatible for Editor in 0.63 ms, found 0 plugins.
Preloading 0 native plugins for Editor in 0.00 ms.
Invoked RoslynAnalysisRunner static constructor.
RoslynAnalysisRunner will not be running.
RoslynAnalysisRunner has terminated.
Mono: successfully reloaded assembly
- Completed reload, in  1.015 seconds
Platform modules already initialized, skipping
Refreshing native plugins compatible for Editor in 0.58 ms, found 0 plugins.
Preloading 0 native plugins for Editor in 0.00 ms.
Unloading 3221 Unused Serialized files (Serialized files now loaded: 0)
System memory in use before: 158.0 MB.
System memory in use after: 155.3 MB.

Unloading 39 unused Assets to reduce memory usage. Loaded Objects now: 3923.
Total: 4.946100 ms (FindLiveObjects: 0.363100 ms CreateObjectMapping: 0.194300 ms MarkObjects: 2.041000 ms  DeleteObjects: 2.346600 ms)

========================================================================
Received Prepare
Registering precompiled user dll's ...
Registered in 0.003935 seconds.
Begin MonoManager ReloadAssembly
Native extension for WindowsStandalone target not found
Refreshing native plugins compatible for Editor in 1.20 ms, found 0 plugins.
Preloading 0 native plugins for Editor in 0.00 ms.
Invoked RoslynAnalysisRunner static constructor.
RoslynAnalysisRunner will not be running.
RoslynAnalysisRunner has terminated.
Mono: successfully reloaded assembly
- Completed reload, in  3.138 seconds
Platform modules already initialized, skipping
Refreshing native plugins compatible for Editor in 1.70 ms, found 0 plugins.
Preloading 0 native plugins for Editor in 0.00 ms.
Unloading 3221 Unused Serialized files (Serialized files now loaded: 0)
System memory in use before: 158.0 MB.
System memory in use after: 155.3 MB.

Unloading 39 unused Assets to reduce memory usage. Loaded Objects now: 3925.
Total: 12.479000 ms (FindLiveObjects: 0.890300 ms CreateObjectMapping: 0.509500 ms MarkObjects: 5.478700 ms  DeleteObjects: 5.597700 ms)

========================================================================
Received Prepare
Registering precompiled user dll's ...
Registered in 0.005032 seconds.
Begin MonoManager ReloadAssembly
Native extension for WindowsStandalone target not found
Refreshing native plugins compatible for Editor in 1.72 ms, found 0 plugins.
Preloading 0 native plugins for Editor in 0.00 ms.
Invoked RoslynAnalysisRunner static constructor.
RoslynAnalysisRunner will not be running.
RoslynAnalysisRunner has terminated.
Mono: successfully reloaded assembly
- Completed reload, in  3.021 seconds
Platform modules already initialized, skipping
Refreshing native plugins compatible for Editor in 1.65 ms, found 0 plugins.
Preloading 0 native plugins for Editor in 0.00 ms.
Unloading 3221 Unused Serialized files (Serialized files now loaded: 0)
System memory in use before: 158.0 MB.
System memory in use after: 155.3 MB.

Unloading 39 unused Assets to reduce memory usage. Loaded Objects now: 3927.
Total: 13.942600 ms (FindLiveObjects: 0.734100 ms CreateObjectMapping: 0.446100 ms MarkObjects: 6.211900 ms  DeleteObjects: 6.547300 ms)

========================================================================
Received Prepare
Registering precompiled user dll's ...
Registered in 0.003494 seconds.
Begin MonoManager ReloadAssembly
Native extension for WindowsStandalone target not found
Refreshing native plugins compatible for Editor in 1.12 ms, found 0 plugins.
Preloading 0 native plugins for Editor in 0.00 ms.
Invoked RoslynAnalysisRunner static constructor.
RoslynAnalysisRunner will not be running.
RoslynAnalysisRunner has terminated.
Mono: successfully reloaded assembly
- Completed reload, in  2.969 seconds
Platform modules already initialized, skipping
Refreshing native plugins compatible for Editor in 1.32 ms, found 0 plugins.
Preloading 0 native plugins for Editor in 0.00 ms.
Unloading 3221 Unused Serialized files (Serialized files now loaded: 0)
System memory in use before: 158.0 MB.
System memory in use after: 155.3 MB.

Unloading 39 unused Assets to reduce memory usage. Loaded Objects now: 3929.
Total: 11.723000 ms (FindLiveObjects: 0.776600 ms CreateObjectMapping: 0.448300 ms MarkObjects: 5.010500 ms  DeleteObjects: 5.484500 ms)

========================================================================
Received Import Request.
  Time since last request: 17885.332796 seconds.
  path: Assets/Scripts/PickUp.cs
  artifactKey: Guid(4166b71b8f36e224a9f0d7b7a6ba13a6) Importer(815301076,1909f56bfc062723c751e8b465ee728b)
Start importing Assets/Scripts/PickUp.cs using Guid(4166b71b8f36e224a9f0d7b7a6ba13a6) Importer(815301076,1909f56bfc062723c751e8b465ee728b)  -> (artifact id: '11991ec7625dc8b8ee2651d206ac29d3') in 0.039257 seconds
  Import took 0.058697 seconds .

========================================================================
Received Import Request.
  Time since last request: 0.011475 seconds.
  path: Assets/Scripts/PickUp.cs
  artifactKey: Guid(4166b71b8f36e224a9f0d7b7a6ba13a6) Importer(815301076,1909f56bfc062723c751e8b465ee728b)
Start importing Assets/Scripts/PickUp.cs using Guid(4166b71b8f36e224a9f0d7b7a6ba13a6) Importer(815301076,1909f56bfc062723c751e8b465ee728b)  -> (artifact id: '11991ec7625dc8b8ee2651d206ac29d3') in 0.010787 seconds
  Import took 0.033538 seconds .

========================================================================
Received Prepare
Registering precompiled user dll's ...
Registered in 0.002244 seconds.
Begin MonoManager ReloadAssembly
Native extension for WindowsStandalone target not found
Refreshing native plugins compatible for Editor in 1.07 ms, found 0 plugins.
Preloading 0 native plugins for Editor in 0.00 ms.
Invoked RoslynAnalysisRunner static constructor.
RoslynAnalysisRunner will not be running.
RoslynAnalysisRunner has terminated.
Mono: successfully reloaded assembly
- Completed reload, in  2.405 seconds
Platform modules already initialized, skipping
Refreshing native plugins compatible for Editor in 1.92 ms, found 0 plugins.
Preloading 0 native plugins for Editor in 0.00 ms.
Unloading 3222 Unused Serialized files (Serialized files now loaded: 0)
System memory in use before: 158.0 MB.
System memory in use after: 155.3 MB.

Unloading 39 unused Assets to reduce memory usage. Loaded Objects now: 3932.
Total: 15.952100 ms (FindLiveObjects: 1.109100 ms CreateObjectMapping: 0.588500 ms MarkObjects: 6.138900 ms  DeleteObjects: 8.110900 ms)

========================================================================
Received Prepare
Registering precompiled user dll's ...
Registered in 0.002300 seconds.
Begin MonoManager ReloadAssembly
Native extension for WindowsStandalone target not found
Refreshing native plugins compatible for Editor in 2.02 ms, found 0 plugins.
Preloading 0 native plugins for Editor in 0.00 ms.
Invoked RoslynAnalysisRunner static constructor.
RoslynAnalysisRunner will not be running.
RoslynAnalysisRunner has terminated.
Mono: successfully reloaded assembly
- Completed reload, in  2.201 seconds
Platform modules already initialized, skipping
Refreshing native plugins compatible for Editor in 1.74 ms, found 0 plugins.
Preloading 0 native plugins for Editor in 0.00 ms.
Unloading 3222 Unused Serialized files (Serialized files now loaded: 0)
System memory in use before: 158.1 MB.
System memory in use after: 155.3 MB.

Unloading 39 unused Assets to reduce memory usage. Loaded Objects now: 3934.
Total: 16.150800 ms (FindLiveObjects: 0.928500 ms CreateObjectMapping: 0.621100 ms MarkObjects: 6.908900 ms  DeleteObjects: 7.687400 ms)

========================================================================
Received Import Request.
  Time since last request: 712.384036 seconds.
  path: ProjectSettings/TagManager.asset
  artifactKey: Guid(00000000000000003000000000000000) Importer(815301076,1909f56bfc062723c751e8b465ee728b)
Start importing ProjectSettings/TagManager.asset using Guid(00000000000000003000000000000000) Importer(815301076,1909f56bfc062723c751e8b465ee728b)  -> (artifact id: '20713e655762b2dd2d3693fb6350644b') in 0.119485 seconds
  Import took 0.141662 seconds .

========================================================================
Received Import Request.
  Time since last request: 0.006513 seconds.
  path: ProjectSettings/TagManager.asset
  artifactKey: Guid(00000000000000003000000000000000) Importer(815301076,1909f56bfc062723c751e8b465ee728b)
Start importing ProjectSettings/TagManager.asset using Guid(00000000000000003000000000000000) Importer(815301076,1909f56bfc062723c751e8b465ee728b)  -> (artifact id: '20713e655762b2dd2d3693fb6350644b') in 0.015033 seconds
  Import took 0.037512 seconds .

========================================================================
Received Prepare
Registering precompiled user dll's ...
Registered in 0.002290 seconds.
Begin MonoManager ReloadAssembly
Native extension for WindowsStandalone target not found
Refreshing native plugins compatible for Editor in 1.55 ms, found 0 plugins.
Preloading 0 native plugins for Editor in 0.00 ms.
Invoked RoslynAnalysisRunner static constructor.
RoslynAnalysisRunner will not be running.
RoslynAnalysisRunner has terminated.
Mono: successfully reloaded assembly
- Completed reload, in  2.957 seconds
Platform modules already initialized, skipping
Refreshing native plugins compatible for Editor in 2.40 ms, found 0 plugins.
Preloading 0 native plugins for Editor in 0.00 ms.
Unloading 3222 Unused Serialized files (Serialized files now loaded: 0)
System memory in use before: 158.1 MB.
System memory in use after: 155.3 MB.

Unloading 41 unused Assets to reduce memory usage. Loaded Objects now: 3936.
Total: 17.142900 ms (FindLiveObjects: 0.853800 ms CreateObjectMapping: 0.508900 ms MarkObjects: 7.601200 ms  DeleteObjects: 8.174200 ms)

========================================================================
Received Prepare
Registering precompiled user dll's ...
Registered in 0.004252 seconds.
Begin MonoManager ReloadAssembly
Native extension for WindowsStandalone target not found
Refreshing native plugins compatible for Editor in 1.60 ms, found 0 plugins.
Preloading 0 native plugins for Editor in 0.00 ms.
Invoked RoslynAnalysisRunner static constructor.
RoslynAnalysisRunner will not be running.
RoslynAnalysisRunner has terminated.
Mono: successfully reloaded assembly
- Completed reload, in  4.532 seconds
Platform modules already initialized, skipping
Refreshing native plugins compatible for Editor in 2.04 ms, found 0 plugins.
Preloading 0 native plugins for Editor in 0.00 ms.
Unloading 3222 Unused Serialized files (Serialized files now loaded: 0)
System memory in use before: 158.1 MB.
System memory in use after: 155.3 MB.

Unloading 39 unused Assets to reduce memory usage. Loaded Objects now: 3938.
Total: 19.128500 ms (FindLiveObjects: 0.905200 ms CreateObjectMapping: 0.752100 ms MarkObjects: 6.693200 ms  DeleteObjects: 10.774300 ms)

========================================================================
Received Prepare
Registering precompiled user dll's ...
Registered in 0.004416 seconds.
Begin MonoManager ReloadAssembly
Native extension for WindowsStandalone target not found
Refreshing native plugins compatible for Editor in 1.62 ms, found 0 plugins.
Preloading 0 native plugins for Editor in 0.00 ms.
Invoked RoslynAnalysisRunner static constructor.
RoslynAnalysisRunner will not be running.
RoslynAnalysisRunner has terminated.
Mono: successfully reloaded assembly
- Completed reload, in  4.906 seconds
Platform modules already initialized, skipping
Refreshing native plugins compatible for Editor in 2.05 ms, found 0 plugins.
Preloading 0 native plugins for Editor in 0.00 ms.
Unloading 3222 Unused Serialized files (Serialized files now loaded: 0)
System memory in use before: 158.1 MB.
System memory in use after: 155.3 MB.

Unloading 39 unused Assets to reduce memory usage. Loaded Objects now: 3940.
Total: 19.529000 ms (FindLiveObjects: 1.135500 ms CreateObjectMapping: 1.034600 ms MarkObjects: 8.318000 ms  DeleteObjects: 9.035500 ms)

========================================================================
Received Prepare
Registering precompiled user dll's ...
Registered in 0.007226 seconds.
Begin MonoManager ReloadAssembly
Native extension for WindowsStandalone target not found
Refreshing native plugins compatible for Editor in 1.23 ms, found 0 plugins.
Preloading 0 native plugins for Editor in 0.00 ms.
Invoked RoslynAnalysisRunner static constructor.
RoslynAnalysisRunner will not be running.
RoslynAnalysisRunner has terminated.
Mono: successfully reloaded assembly
- Completed reload, in  4.429 seconds
Platform modules already initialized, skipping
Refreshing native plugins compatible for Editor in 2.63 ms, found 0 plugins.
Preloading 0 native plugins for Editor in 0.00 ms.
Unloading 3222 Unused Serialized files (Serialized files now loaded: 0)
System memory in use before: 158.1 MB.
System memory in use after: 155.3 MB.

Unloading 39 unused Assets to reduce memory usage. Loaded Objects now: 3942.
Total: 19.618400 ms (FindLiveObjects: 1.303900 ms CreateObjectMapping: 0.801700 ms MarkObjects: 6.655800 ms  DeleteObjects: 10.852800 ms)

========================================================================
Received Prepare
Registering precompiled user dll's ...
Registered in 0.004692 seconds.
Begin MonoManager ReloadAssembly
Native extension for WindowsStandalone target not found
Refreshing native plugins compatible for Editor in 1.32 ms, found 0 plugins.
Preloading 0 native plugins for Editor in 0.00 ms.
Invoked RoslynAnalysisRunner static constructor.
RoslynAnalysisRunner will not be running.
RoslynAnalysisRunner has terminated.
Mono: successfully reloaded assembly
- Completed reload, in  4.937 seconds
Platform modules already initialized, skipping
Refreshing native plugins compatible for Editor in 2.48 ms, found 0 plugins.
Preloading 0 native plugins for Editor in 0.00 ms.
Unloading 3222 Unused Serialized files (Serialized files now loaded: 0)
System memory in use before: 158.1 MB.
System memory in use after: 155.3 MB.

Unloading 39 unused Assets to reduce memory usage. Loaded Objects now: 3944.
Total: 19.135700 ms (FindLiveObjects: 1.252600 ms CreateObjectMapping: 0.908400 ms MarkObjects: 8.255600 ms  DeleteObjects: 8.714400 ms)

========================================================================
Received Import Request.
  Time since last request: 577.628321 seconds.
  path: Assets/Scripts/PickUp.cs
  artifactKey: Guid(4166b71b8f36e224a9f0d7b7a6ba13a6) Importer(815301076,1909f56bfc062723c751e8b465ee728b)
Start importing Assets/Scripts/PickUp.cs using Guid(4166b71b8f36e224a9f0d7b7a6ba13a6) Importer(815301076,1909f56bfc062723c751e8b465ee728b)  -> (artifact id: 'd980da7de3e089aa81a8094d757157a8') in 0.027289 seconds
  Import took 0.045228 seconds .

========================================================================
Received Import Request.
  Time since last request: 0.009477 seconds.
  path: Assets/Scripts/PickUp.cs
  artifactKey: Guid(4166b71b8f36e224a9f0d7b7a6ba13a6) Importer(815301076,1909f56bfc062723c751e8b465ee728b)
Start importing Assets/Scripts/PickUp.cs using Guid(4166b71b8f36e224a9f0d7b7a6ba13a6) Importer(815301076,1909f56bfc062723c751e8b465ee728b)  -> (artifact id: 'd980da7de3e089aa81a8094d757157a8') in 0.007751 seconds
  Import took 0.021883 seconds .

========================================================================
Received Import Request.
  Time since last request: 24.444691 seconds.
  path: Assets/Scripts/PickUp.cs
  artifactKey: Guid(4166b71b8f36e224a9f0d7b7a6ba13a6) Importer(815301076,1909f56bfc062723c751e8b465ee728b)
Start importing Assets/Scripts/PickUp.cs using Guid(4166b71b8f36e224a9f0d7b7a6ba13a6) Importer(815301076,1909f56bfc062723c751e8b465ee728b)  -> (artifact id: 'fba54283f2d9260b4b42f2c8911656bc') in 0.013646 seconds
  Import took 0.039743 seconds .

========================================================================
Received Prepare
Registering precompiled user dll's ...
Registered in 0.002267 seconds.
Begin MonoManager ReloadAssembly
Native extension for WindowsStandalone target not found
Refreshing native plugins compatible for Editor in 1.25 ms, found 0 plugins.
Preloading 0 native plugins for Editor in 0.00 ms.
Invoked RoslynAnalysisRunner static constructor.
RoslynAnalysisRunner will not be running.
RoslynAnalysisRunner has terminated.
Mono: successfully reloaded assembly
- Completed reload, in  2.102 seconds
Platform modules already initialized, skipping
Refreshing native plugins compatible for Editor in 1.03 ms, found 0 plugins.
Preloading 0 native plugins for Editor in 0.00 ms.
Unloading 3222 Unused Serialized files (Serialized files now loaded: 0)
System memory in use before: 158.1 MB.
System memory in use after: 155.4 MB.

Unloading 39 unused Assets to reduce memory usage. Loaded Objects now: 3946.
Total: 6.803800 ms (FindLiveObjects: 0.429600 ms CreateObjectMapping: 0.248100 ms MarkObjects: 3.025000 ms  DeleteObjects: 3.099700 ms)

========================================================================
Received Prepare
Registering precompiled user dll's ...
Registered in 0.005468 seconds.
Begin MonoManager ReloadAssembly
Native extension for WindowsStandalone target not found
Refreshing native plugins compatible for Editor in 1.08 ms, found 0 plugins.
Preloading 0 native plugins for Editor in 0.00 ms.
Invoked RoslynAnalysisRunner static constructor.
RoslynAnalysisRunner will not be running.
RoslynAnalysisRunner has terminated.
Mono: successfully reloaded assembly
- Completed reload, in  1.617 seconds
Platform modules already initialized, skipping
Refreshing native plugins compatible for Editor in 0.79 ms, found 0 plugins.
Preloading 0 native plugins for Editor in 0.00 ms.
Unloading 3222 Unused Serialized files (Serialized files now loaded: 0)
System memory in use before: 158.1 MB.
System memory in use after: 155.4 MB.

Unloading 39 unused Assets to reduce memory usage. Loaded Objects now: 3948.
Total: 7.607200 ms (FindLiveObjects: 0.805400 ms CreateObjectMapping: 0.460800 ms MarkObjects: 3.260500 ms  DeleteObjects: 3.078700 ms)

========================================================================
Received Import Request.
  Time since last request: 249.730456 seconds.
  path: Assets/Scripts/PickUp.cs
  artifactKey: Guid(4166b71b8f36e224a9f0d7b7a6ba13a6) Importer(815301076,1909f56bfc062723c751e8b465ee728b)
Start importing Assets/Scripts/PickUp.cs using Guid(4166b71b8f36e224a9f0d7b7a6ba13a6) Importer(815301076,1909f56bfc062723c751e8b465ee728b)  -> (artifact id: 'b6732412224ed7e3276e2052e00fad1f') in 0.010236 seconds
  Import took 0.020698 seconds .

========================================================================
Received Prepare
Registering precompiled user dll's ...
Registered in 0.001947 seconds.
Begin MonoManager ReloadAssembly
Native extension for WindowsStandalone target not found
Refreshing native plugins compatible for Editor in 1.14 ms, found 0 plugins.
Preloading 0 native plugins for Editor in 0.00 ms.
Invoked RoslynAnalysisRunner static constructor.
RoslynAnalysisRunner will not be running.
RoslynAnalysisRunner has terminated.
Mono: successfully reloaded assembly
- Completed reload, in  2.335 seconds
Platform modules already initialized, skipping
Refreshing native plugins compatible for Editor in 1.60 ms, found 0 plugins.
Preloading 0 native plugins for Editor in 0.00 ms.
Unloading 3222 Unused Serialized files (Serialized files now loaded: 0)
System memory in use before: 158.1 MB.
System memory in use after: 155.4 MB.

Unloading 39 unused Assets to reduce memory usage. Loaded Objects now: 3950.
Total: 18.433800 ms (FindLiveObjects: 1.695700 ms CreateObjectMapping: 0.702200 ms MarkObjects: 6.958500 ms  DeleteObjects: 9.072800 ms)

========================================================================
Received Prepare
Registering precompiled user dll's ...
Registered in 0.002443 seconds.
Begin MonoManager ReloadAssembly
Native extension for WindowsStandalone target not found
Refreshing native plugins compatible for Editor in 0.73 ms, found 0 plugins.
Preloading 0 native plugins for Editor in 0.00 ms.
Invoked RoslynAnalysisRunner static constructor.
RoslynAnalysisRunner will not be running.
RoslynAnalysisRunner has terminated.
Mono: successfully reloaded assembly
- Completed reload, in  1.842 seconds
Platform modules already initialized, skipping
Refreshing native plugins compatible for Editor in 1.55 ms, found 0 plugins.
Preloading 0 native plugins for Editor in 0.00 ms.
Unloading 3235 Unused Serialized files (Serialized files now loaded: 0)
System memory in use before: 159.8 MB.
System memory in use after: 156.5 MB.

Unloading 52 unused Assets to reduce memory usage. Loaded Objects now: 3952.
Total: 12.598200 ms (FindLiveObjects: 0.626400 ms CreateObjectMapping: 0.409000 ms MarkObjects: 4.461400 ms  DeleteObjects: 7.098000 ms)

========================================================================
Received Prepare
Registering precompiled user dll's ...
Registered in 0.005360 seconds.
Begin MonoManager ReloadAssembly
Native extension for WindowsStandalone target not found
Refreshing native plugins compatible for Editor in 1.58 ms, found 0 plugins.
Preloading 0 native plugins for Editor in 0.00 ms.
Invoked RoslynAnalysisRunner static constructor.
RoslynAnalysisRunner will not be running.
RoslynAnalysisRunner has terminated.
Mono: successfully reloaded assembly
- Completed reload, in  4.928 seconds
Platform modules already initialized, skipping
Refreshing native plugins compatible for Editor in 1.72 ms, found 0 plugins.
Preloading 0 native plugins for Editor in 0.00 ms.
Unloading 3235 Unused Serialized files (Serialized files now loaded: 0)
System memory in use before: 159.8 MB.
System memory in use after: 156.5 MB.

Unloading 52 unused Assets to reduce memory usage. Loaded Objects now: 3954.
Total: 23.354800 ms (FindLiveObjects: 1.372000 ms CreateObjectMapping: 0.834000 ms MarkObjects: 10.107300 ms  DeleteObjects: 11.036800 ms)

========================================================================
Received Import Request.
  Time since last request: 617.844230 seconds.
  path: Assets/Prefabs/Tsukumogami.prefab
  artifactKey: Guid(55e9cefb95323bd4f9ab17b128d5ad02) Importer(815301076,1909f56bfc062723c751e8b465ee728b)
Start importing Assets/Prefabs/Tsukumogami.prefab using Guid(55e9cefb95323bd4f9ab17b128d5ad02) Importer(815301076,1909f56bfc062723c751e8b465ee728b)  -> (artifact id: 'd0576bd603f8b894f8ecf47fb08bbb81') in 5.742182 seconds
  Import took 5.755960 seconds .

========================================================================
Received Prepare
Registering precompiled user dll's ...
Registered in 0.002975 seconds.
Begin MonoManager ReloadAssembly
Native extension for WindowsStandalone target not found
Refreshing native plugins compatible for Editor in 1.48 ms, found 0 plugins.
Preloading 0 native plugins for Editor in 0.00 ms.
Invoked RoslynAnalysisRunner static constructor.
RoslynAnalysisRunner will not be running.
RoslynAnalysisRunner has terminated.
Mono: successfully reloaded assembly
- Completed reload, in  2.509 seconds
Platform modules already initialized, skipping
Refreshing native plugins compatible for Editor in 1.78 ms, found 0 plugins.
Preloading 0 native plugins for Editor in 0.00 ms.
Unloading 3246 Unused Serialized files (Serialized files now loaded: 0)
System memory in use before: 170.5 MB.
System memory in use after: 167.6 MB.

Unloading 46 unused Assets to reduce memory usage. Loaded Objects now: 4096.
Total: 17.363800 ms (FindLiveObjects: 0.986600 ms CreateObjectMapping: 0.593000 ms MarkObjects: 7.184900 ms  DeleteObjects: 8.594000 ms)

========================================================================
Received Prepare
Registering precompiled user dll's ...
Registered in 0.009001 seconds.
Begin MonoManager ReloadAssembly
Native extension for WindowsStandalone target not found
Refreshing native plugins compatible for Editor in 0.59 ms, found 0 plugins.
Preloading 0 native plugins for Editor in 0.00 ms.
Invoked RoslynAnalysisRunner static constructor.
RoslynAnalysisRunner will not be running.
RoslynAnalysisRunner has terminated.
Mono: successfully reloaded assembly
- Completed reload, in  1.500 seconds
Platform modules already initialized, skipping
Refreshing native plugins compatible for Editor in 0.71 ms, found 0 plugins.
Preloading 0 native plugins for Editor in 0.00 ms.
Unloading 3229 Unused Serialized files (Serialized files now loaded: 0)
System memory in use before: 169.7 MB.
System memory in use after: 166.7 MB.

Unloading 46 unused Assets to reduce memory usage. Loaded Objects now: 4098.
Total: 9.784800 ms (FindLiveObjects: 0.532200 ms CreateObjectMapping: 0.262000 ms MarkObjects: 5.738300 ms  DeleteObjects: 3.250900 ms)

========================================================================
Received Import Request.
  Time since last request: 8036.529940 seconds.
  path: Assets/z- other
  artifactKey: Guid(e14035133fdef0447a7497a1ccb0adee) Importer(815301076,1909f56bfc062723c751e8b465ee728b)
Start importing Assets/z- other using Guid(e14035133fdef0447a7497a1ccb0adee) Importer(815301076,1909f56bfc062723c751e8b465ee728b)  -> (artifact id: '2456472baf909d0f93898457c6fc6ae3') in 0.010549 seconds
  Import took 0.017109 seconds .

========================================================================
Received Prepare
Registering precompiled user dll's ...
Registered in 0.001624 seconds.
Begin MonoManager ReloadAssembly
Native extension for WindowsStandalone target not found
Refreshing native plugins compatible for Editor in 0.58 ms, found 0 plugins.
Preloading 0 native plugins for Editor in 0.00 ms.
Invoked RoslynAnalysisRunner static constructor.
RoslynAnalysisRunner will not be running.
RoslynAnalysisRunner has terminated.
Mono: successfully reloaded assembly
- Completed reload, in  1.166 seconds
Platform modules already initialized, skipping
Refreshing native plugins compatible for Editor in 0.70 ms, found 0 plugins.
Preloading 0 native plugins for Editor in 0.00 ms.
Unloading 3229 Unused Serialized files (Serialized files now loaded: 0)
System memory in use before: 169.7 MB.
System memory in use after: 166.7 MB.

Unloading 46 unused Assets to reduce memory usage. Loaded Objects now: 4100.
Total: 6.002200 ms (FindLiveObjects: 0.553900 ms CreateObjectMapping: 0.193900 ms MarkObjects: 2.986900 ms  DeleteObjects: 2.266400 ms)

========================================================================
Received Import Request.
  Time since last request: 20.662399 seconds.
  path: Assets/Scripts/PickUp.cs
  artifactKey: Guid(4166b71b8f36e224a9f0d7b7a6ba13a6) Importer(815301076,1909f56bfc062723c751e8b465ee728b)
Start importing Assets/Scripts/PickUp.cs using Guid(4166b71b8f36e224a9f0d7b7a6ba13a6) Importer(815301076,1909f56bfc062723c751e8b465ee728b)  -> (artifact id: 'b3eb2d1f168588dc7e3dc5fa9cc24ed8') in 0.011276 seconds
  Import took 0.017675 seconds .

========================================================================
Received Import Request.
  Time since last request: 0.014403 seconds.
  path: Assets/Scripts/PickUp.cs
  artifactKey: Guid(4166b71b8f36e224a9f0d7b7a6ba13a6) Importer(815301076,1909f56bfc062723c751e8b465ee728b)
Start importing Assets/Scripts/PickUp.cs using Guid(4166b71b8f36e224a9f0d7b7a6ba13a6) Importer(815301076,1909f56bfc062723c751e8b465ee728b)  -> (artifact id: 'b3eb2d1f168588dc7e3dc5fa9cc24ed8') in 0.003395 seconds
  Import took 0.010487 seconds .

========================================================================
Received Import Request.
  Time since last request: 167.368441 seconds.
  path: Assets/Scripts/PickUp.cs
  artifactKey: Guid(4166b71b8f36e224a9f0d7b7a6ba13a6) Importer(815301076,1909f56bfc062723c751e8b465ee728b)
Start importing Assets/Scripts/PickUp.cs using Guid(4166b71b8f36e224a9f0d7b7a6ba13a6) Importer(815301076,1909f56bfc062723c751e8b465ee728b)  -> (artifact id: 'f62af0d8197f115f693e3aa55f87a211') in 0.003357 seconds
  Import took 0.010276 seconds .

========================================================================
Received Prepare
Registering precompiled user dll's ...
Registered in 0.001483 seconds.
Begin MonoManager ReloadAssembly
Native extension for WindowsStandalone target not found
Refreshing native plugins compatible for Editor in 0.55 ms, found 0 plugins.
Preloading 0 native plugins for Editor in 0.00 ms.
Invoked RoslynAnalysisRunner static constructor.
RoslynAnalysisRunner will not be running.
RoslynAnalysisRunner has terminated.
Mono: successfully reloaded assembly
- Completed reload, in  1.090 seconds
Platform modules already initialized, skipping
Refreshing native plugins compatible for Editor in 0.59 ms, found 0 plugins.
Preloading 0 native plugins for Editor in 0.00 ms.
Unloading 3229 Unused Serialized files (Serialized files now loaded: 0)
System memory in use before: 169.7 MB.
System memory in use after: 166.7 MB.

Unloading 46 unused Assets to reduce memory usage. Loaded Objects now: 4102.
Total: 5.748800 ms (FindLiveObjects: 0.542300 ms CreateObjectMapping: 0.224300 ms MarkObjects: 2.520400 ms  DeleteObjects: 2.460500 ms)

========================================================================
Received Prepare
Registering precompiled user dll's ...
Registered in 0.003129 seconds.
Begin MonoManager ReloadAssembly
Native extension for WindowsStandalone target not found
Refreshing native plugins compatible for Editor in 0.54 ms, found 0 plugins.
Preloading 0 native plugins for Editor in 0.00 ms.
Invoked RoslynAnalysisRunner static constructor.
RoslynAnalysisRunner will not be running.
RoslynAnalysisRunner has terminated.
Mono: successfully reloaded assembly
- Completed reload, in  0.998 seconds
Platform modules already initialized, skipping
Refreshing native plugins compatible for Editor in 0.67 ms, found 0 plugins.
Preloading 0 native plugins for Editor in 0.00 ms.
Unloading 3229 Unused Serialized files (Serialized files now loaded: 0)
System memory in use before: 169.7 MB.
System memory in use after: 166.8 MB.

Unloading 46 unused Assets to reduce memory usage. Loaded Objects now: 4104.
Total: 5.009700 ms (FindLiveObjects: 0.347200 ms CreateObjectMapping: 0.205100 ms MarkObjects: 2.166000 ms  DeleteObjects: 2.289800 ms)

AssetImportWorkerClient::OnTransportError - code=2 error=End of file
